# JRE version: OpenJDK Runtime Environment Temurin-21.0.11+10 (21.0.11+10) (build 21.0.11+10-LTS)
# Java VM: OpenJDK 64-Bit Server VM Temurin-21.0.11+10 (21.0.11+10-LTS, mixed mode, sharing, tiered, compressed oops, compressed class ptrs, g1 gc, windows-amd64)
GC Precious Log:
 CardTable entry size: 512
 Card Set container configuration: InlinePtr #cards 5 size 8 Array Of Cards #cards 12 size 40 Howl #buckets 4 coarsen threshold 1843 Howl Bitmap #cards 512 size 80 coarsen threshold 460 Card regions per heap region 1 cards per card region 2048
 CPUs: 8 total, 8 available
 Memory: 7941M
 Large Page Support: Disabled
 NUMA Support: Disabled
 Compressed Oops: Enabled (Zero based)
 Heap Region Size: 1M
 Heap Min Capacity: 8M
 Heap Initial Capacity: 126M
 Heap Max Capacity: 1G
 Pre-touch: Disabled
 Parallel Workers: 8
 Concurrent Workers: 2
 Concurrent Refinement Workers: 8
 Periodic GC: Disabled
Heap:
 garbage-first heap   total 275456K, used 193469K [0x0000000100000000, 0x0000000140000000)
  region size 1024K, 14 young (14336K), 5 survivors (5120K)
 Metaspace       used 123608K, committed 126848K, reserved 344064K
  class space    used 17629K, committed 19264K, reserved 212992K
GC Heap History (20 events):
Event: 142.751 GC heap before
{Heap before GC invocations=59 (full 0):
 garbage-first heap   total 214016K, used 190071K [0x0000000100000000, 0x0000000140000000)
  region size 1024K, 63 young (64512K), 5 survivors (5120K)
 Metaspace       used 106041K, committed 108800K, reserved 344064K
  class space    used 15085K, committed 16448K, reserved 212992K
}
Event: 142.758 GC heap after
{Heap after GC invocations=60 (full 0):
 garbage-first heap   total 214016K, used 133435K [0x0000000100000000, 0x0000000140000000)
  region size 1024K, 5 young (5120K), 5 survivors (5120K)
 Metaspace       used 106041K, committed 108800K, reserved 344064K
  class space    used 15085K, committed 16448K, reserved 212992K
}
Event: 143.403 GC heap before
{Heap before GC invocations=61 (full 0):
 garbage-first heap   total 222208K, used 191803K [0x0000000100000000, 0x0000000140000000)
  region size 1024K, 63 young (64512K), 5 survivors (5120K)
 Metaspace       used 107233K, committed 110016K, reserved 344064K
  class space    used 15226K, committed 16576K, reserved 212992K
}
Event: 143.412 GC heap after
{Heap after GC invocations=62 (full 0):
 garbage-first heap   total 222208K, used 137661K [0x0000000100000000, 0x0000000140000000)
  region size 1024K, 8 young (8192K), 8 survivors (8192K)
 Metaspace       used 107233K, committed 110016K, reserved 344064K
  class space    used 15226K, committed 16576K, reserved 212992K
}
Event: 144.370 GC heap before
{Heap before GC invocations=62 (full 0):
 garbage-first heap   total 222208K, used 200125K [0x0000000100000000, 0x0000000140000000)
  region size 1024K, 69 young (70656K), 8 survivors (8192K)
 Metaspace       used 110351K, committed 113152K, reserved 344064K
  class space    used 15675K, committed 17024K, reserved 212992K
}
Event: 144.381 GC heap after
{Heap after GC invocations=63 (full 0):
 garbage-first heap   total 222208K, used 140747K [0x0000000100000000, 0x0000000140000000)
  region size 1024K, 9 young (9216K), 9 survivors (9216K)
 Metaspace       used 110351K, committed 113152K, reserved 344064K
  class space    used 15675K, committed 17024K, reserved 212992K
}
Event: 145.271 GC heap before
{Heap before GC invocations=63 (full 0):
 garbage-first heap   total 222208K, used 202187K [0x0000000100000000, 0x0000000140000000)
  region size 1024K, 69 young (70656K), 9 survivors (9216K)
 Metaspace       used 114039K, committed 116864K, reserved 344064K
  class space    used 16333K, committed 17728K, reserved 212992K
}
Event: 145.284 GC heap after
{Heap after GC invocations=64 (full 0):
 garbage-first heap   total 222208K, used 141906K [0x0000000100000000, 0x0000000140000000)
  region size 1024K, 6 young (6144K), 6 survivors (6144K)
 Metaspace       used 114039K, committed 116864K, reserved 344064K
  class space    used 16333K, committed 17728K, reserved 212992K
}
Event: 146.513 GC heap before
{Heap before GC invocations=65 (full 0):
 garbage-first heap   total 235520K, used 204370K [0x0000000100000000, 0x0000000140000000)
  region size 1024K, 68 young (69632K), 6 survivors (6144K)
 Metaspace       used 117217K, committed 120064K, reserved 344064K
  class space    used 16770K, committed 18176K, reserved 212992K
}
Event: 146.523 GC heap after
{Heap after GC invocations=66 (full 0):
 garbage-first heap   total 235520K, used 143139K [0x0000000100000000, 0x0000000140000000)
  region size 1024K, 5 young (5120K), 5 survivors (5120K)
 Metaspace       used 117217K, committed 120064K, reserved 344064K
  class space    used 16770K, committed 18176K, reserved 212992K
}
Event: 148.138 GC heap before
{Heap before GC invocations=66 (full 0):
 garbage-first heap   total 235520K, used 215843K [0x0000000100000000, 0x0000000140000000)
  region size 1024K, 76 young (77824K), 5 survivors (5120K)
 Metaspace       used 120054K, committed 123008K, reserved 344064K
  class space    used 17214K, committed 18624K, reserved 212992K
}
Event: 148.156 GC heap after
{Heap after GC invocations=67 (full 0):
 garbage-first heap   total 235520K, used 151379K [0x0000000100000000, 0x0000000140000000)
  region size 1024K, 10 young (10240K), 10 survivors (10240K)
 Metaspace       used 120054K, committed 123008K, reserved 344064K
  class space    used 17214K, committed 18624K, reserved 212992K
}
Event: 150.967 GC heap before
{Heap before GC invocations=67 (full 0):
 garbage-first heap   total 235520K, used 215891K [0x0000000100000000, 0x0000000140000000)
  region size 1024K, 73 young (74752K), 10 survivors (10240K)
 Metaspace       used 120884K, committed 123904K, reserved 344064K
  class space    used 17321K, committed 18816K, reserved 212992K
}
Event: 150.988 GC heap after
{Heap after GC invocations=68 (full 0):
 garbage-first heap   total 239616K, used 164138K [0x0000000100000000, 0x0000000140000000)
  region size 1024K, 10 young (10240K), 10 survivors (10240K)
 Metaspace       used 120884K, committed 123904K, reserved 344064K
  class space    used 17321K, committed 18816K, reserved 212992K
}
Event: 155.281 GC heap before
{Heap before GC invocations=69 (full 0):
 garbage-first heap   total 275456K, used 218410K [0x0000000100000000, 0x0000000140000000)
  region size 1024K, 63 young (64512K), 10 survivors (10240K)
 Metaspace       used 121379K, committed 124544K, reserved 344064K
  class space    used 17396K, committed 18944K, reserved 212992K
}
Event: 155.297 GC heap after
{Heap after GC invocations=70 (full 0):
 garbage-first heap   total 275456K, used 174074K [0x0000000100000000, 0x0000000140000000)
  region size 1024K, 8 young (8192K), 8 survivors (8192K)
 Metaspace       used 121379K, committed 124544K, reserved 344064K
  class space    used 17396K, committed 18944K, reserved 212992K
}
Event: 160.868 GC heap before
{Heap before GC invocations=70 (full 0):
 garbage-first heap   total 275456K, used 249850K [0x0000000100000000, 0x0000000140000000)
  region size 1024K, 77 young (78848K), 8 survivors (8192K)
 Metaspace       used 123605K, committed 126848K, reserved 344064K
  class space    used 17629K, committed 19264K, reserved 212992K
}
Event: 160.888 GC heap after
{Heap after GC invocations=71 (full 0):
 garbage-first heap   total 275456K, used 182013K [0x0000000100000000, 0x0000000140000000)
  region size 1024K, 10 young (10240K), 10 survivors (10240K)
 Metaspace       used 123605K, committed 126848K, reserved 344064K
  class space    used 17629K, committed 19264K, reserved 212992K
}
Event: 169.836 GC heap before
{Heap before GC invocations=71 (full 0):
 garbage-first heap   total 275456K, used 246525K [0x0000000100000000, 0x0000000140000000)
  region size 1024K, 73 young (74752K), 10 survivors (10240K)
 Metaspace       used 123608K, committed 126848K, reserved 344064K
  class space    used 17629K, committed 19264K, reserved 212992K
}
Event: 169.867 GC heap after
{Heap after GC invocations=72 (full 0):
 garbage-first heap   total 275456K, used 185277K [0x0000000100000000, 0x0000000140000000)
  region size 1024K, 5 young (5120K), 5 survivors (5120K)
 Metaspace       used 123608K, committed 126848K, reserved 344064K
  class space    used 17629K, committed 19264K, reserved 212992K
}

