# JRE version: Java(TM) SE Runtime Environment (19.0.2+7) (build 19.0.2+7-44)
# Java VM: Java HotSpot(TM) 64-Bit Server VM (19.0.2+7-44, mixed mode, sharing, tiered, compressed oops, compressed class ptrs, g1 gc, windows-amd64)
GC Precious Log:
 CardTable entry size: 512
 Card Set container configuration: InlinePtr #cards 5 size 8 Array Of Cards #cards 12 size 40 Howl #buckets 4 coarsen threshold 1843 Howl Bitmap #cards 512 size 80 coarsen threshold 460 Card regions per heap region 1 cards per card region 2048
 CPUs: 8 total, 8 available
 Memory: 7941M
 Large Page Support: Disabled
 NUMA Support: Disabled
 Compressed Oops: Enabled (32-bit)
 Heap Region Size: 1M
 Heap Min Capacity: 8M
 Heap Initial Capacity: 126M
 Heap Max Capacity: 2G
 Pre-touch: Disabled
 Parallel Workers: 8
 Concurrent Workers: 2
 Concurrent Refinement Workers: 8
 Periodic GC: Disabled
Heap:
 garbage-first heap   total 140288K, used 88425K [0x0000000080000000, 0x0000000100000000)
  region size 1024K, 50 young (51200K), 2 survivors (2048K)
 Metaspace       used 53647K, committed 55488K, reserved 487424K
  class space    used 7454K, committed 8384K, reserved 421888K
GC Heap History (20 events):
Event: 16.105 GC heap before
{Heap before GC invocations=4 (full 0):
 garbage-first heap   total 129024K, used 34339K [0x0000000080000000, 0x0000000100000000)
  region size 1024K, 22 young (22528K), 10 survivors (10240K)
 Metaspace       used 20870K, committed 21504K, reserved 487424K
  class space    used 2774K, committed 3136K, reserved 421888K
}
Event: 16.123 GC heap after
{Heap after GC invocations=5 (full 0):
 garbage-first heap   total 129024K, used 23504K [0x0000000080000000, 0x0000000100000000)
  region size 1024K, 2 young (2048K), 2 survivors (2048K)
 Metaspace       used 20870K, committed 21504K, reserved 487424K
  class space    used 2774K, committed 3136K, reserved 421888K
}
Event: 19.085 GC heap before
{Heap before GC invocations=6 (full 0):
 garbage-first heap   total 86016K, used 71632K [0x0000000080000000, 0x0000000100000000)
  region size 1024K, 50 young (51200K), 2 survivors (2048K)
 Metaspace       used 26844K, committed 27776K, reserved 487424K
  class space    used 3748K, committed 4224K, reserved 421888K
}
Event: 19.096 GC heap after
{Heap after GC invocations=7 (full 0):
 garbage-first heap   total 86016K, used 27023K [0x0000000080000000, 0x0000000100000000)
  region size 1024K, 5 young (5120K), 5 survivors (5120K)
 Metaspace       used 26844K, committed 27776K, reserved 487424K
  class space    used 3748K, committed 4224K, reserved 421888K
}
Event: 19.114 GC heap before
{Heap before GC invocations=7 (full 0):
 garbage-first heap   total 86016K, used 28047K [0x0000000080000000, 0x0000000100000000)
  region size 1024K, 6 young (6144K), 5 survivors (5120K)
 Metaspace       used 26847K, committed 27776K, reserved 487424K
  class space    used 3748K, committed 4224K, reserved 421888K
}
Event: 19.121 GC heap after
{Heap after GC invocations=8 (full 0):
 garbage-first heap   total 86016K, used 27552K [0x0000000080000000, 0x0000000100000000)
  region size 1024K, 1 young (1024K), 1 survivors (1024K)
 Metaspace       used 26847K, committed 27776K, reserved 487424K
  class space    used 3748K, committed 4224K, reserved 421888K
}
Event: 23.082 GC heap before
{Heap before GC invocations=8 (full 0):
 garbage-first heap   total 86016K, used 62368K [0x0000000080000000, 0x0000000100000000)
  region size 1024K, 36 young (36864K), 1 survivors (1024K)
 Metaspace       used 31721K, committed 32832K, reserved 487424K
  class space    used 4409K, committed 4992K, reserved 421888K
}
Event: 23.087 GC heap after
{Heap after GC invocations=9 (full 0):
 garbage-first heap   total 86016K, used 30634K [0x0000000080000000, 0x0000000100000000)
  region size 1024K, 4 young (4096K), 4 survivors (4096K)
 Metaspace       used 31721K, committed 32832K, reserved 487424K
  class space    used 4409K, committed 4992K, reserved 421888K
}
Event: 24.978 GC heap before
{Heap before GC invocations=9 (full 0):
 garbage-first heap   total 86016K, used 55210K [0x0000000080000000, 0x0000000100000000)
  region size 1024K, 30 young (30720K), 4 survivors (4096K)
 Metaspace       used 34662K, committed 35968K, reserved 487424K
  class space    used 4879K, committed 5568K, reserved 421888K
}
Event: 24.987 GC heap after
{Heap after GC invocations=10 (full 0):
 garbage-first heap   total 86016K, used 31905K [0x0000000080000000, 0x0000000100000000)
  region size 1024K, 2 young (2048K), 2 survivors (2048K)
 Metaspace       used 34662K, committed 35968K, reserved 487424K
  class space    used 4879K, committed 5568K, reserved 421888K
}
Event: 28.322 GC heap before
{Heap before GC invocations=11 (full 0):
 garbage-first heap   total 86016K, used 64673K [0x0000000080000000, 0x0000000100000000)
  region size 1024K, 35 young (35840K), 2 survivors (2048K)
 Metaspace       used 39496K, committed 40960K, reserved 487424K
  class space    used 5477K, committed 6208K, reserved 421888K
}
Event: 28.335 GC heap after
{Heap after GC invocations=12 (full 0):
 garbage-first heap   total 86016K, used 35394K [0x0000000080000000, 0x0000000100000000)
  region size 1024K, 5 young (5120K), 5 survivors (5120K)
 Metaspace       used 39496K, committed 40960K, reserved 487424K
  class space    used 5477K, committed 6208K, reserved 421888K
}
Event: 28.377 GC heap before
{Heap before GC invocations=12 (full 0):
 garbage-first heap   total 86016K, used 36418K [0x0000000080000000, 0x0000000100000000)
  region size 1024K, 6 young (6144K), 5 survivors (5120K)
 Metaspace       used 39583K, committed 41024K, reserved 487424K
  class space    used 5484K, committed 6208K, reserved 421888K
}
Event: 28.387 GC heap after
{Heap after GC invocations=13 (full 0):
 garbage-first heap   total 86016K, used 35180K [0x0000000080000000, 0x0000000100000000)
  region size 1024K, 1 young (1024K), 1 survivors (1024K)
 Metaspace       used 39583K, committed 41024K, reserved 487424K
  class space    used 5484K, committed 6208K, reserved 421888K
}
Event: 38.120 GC heap before
{Heap before GC invocations=13 (full 0):
 garbage-first heap   total 86016K, used 65900K [0x0000000080000000, 0x0000000100000000)
  region size 1024K, 32 young (32768K), 1 survivors (1024K)
 Metaspace       used 42588K, committed 44224K, reserved 487424K
  class space    used 5913K, committed 6784K, reserved 421888K
}
Event: 38.133 GC heap after
{Heap after GC invocations=14 (full 0):
 garbage-first heap   total 86016K, used 38319K [0x0000000080000000, 0x0000000100000000)
  region size 1024K, 4 young (4096K), 4 survivors (4096K)
 Metaspace       used 42588K, committed 44224K, reserved 487424K
  class space    used 5913K, committed 6784K, reserved 421888K
}
Event: 39.364 GC heap before
{Heap before GC invocations=14 (full 0):
 garbage-first heap   total 86016K, used 68015K [0x0000000080000000, 0x0000000100000000)
  region size 1024K, 33 young (33792K), 4 survivors (4096K)
 Metaspace       used 43498K, committed 45248K, reserved 487424K
  class space    used 6042K, committed 6976K, reserved 421888K
}
Event: 39.380 GC heap after
{Heap after GC invocations=15 (full 0):
 garbage-first heap   total 86016K, used 39491K [0x0000000080000000, 0x0000000100000000)
  region size 1024K, 2 young (2048K), 2 survivors (2048K)
 Metaspace       used 43498K, committed 45248K, reserved 487424K
  class space    used 6042K, committed 6976K, reserved 421888K
}
Event: 41.614 GC heap before
{Heap before GC invocations=15 (full 0):
 garbage-first heap   total 86016K, used 68163K [0x0000000080000000, 0x0000000100000000)
  region size 1024K, 30 young (30720K), 2 survivors (2048K)
 Metaspace       used 45663K, committed 47552K, reserved 487424K
  class space    used 6394K, committed 7360K, reserved 421888K
}
Event: 41.630 GC heap after
{Heap after GC invocations=16 (full 0):
 garbage-first heap   total 172032K, used 40297K [0x0000000080000000, 0x0000000100000000)
  region size 1024K, 2 young (2048K), 2 survivors (2048K)
 Metaspace       used 45663K, committed 47552K, reserved 487424K
  class space    used 6394K, committed 7360K, reserved 421888K
}

