# JRE version: OpenJDK Runtime Environment Temurin-17.0.19+10 (17.0.19+10) (build 17.0.19+10)
# Java VM: OpenJDK 64-Bit Server VM Temurin-17.0.19+10 (17.0.19+10, mixed mode, sharing, tiered, compressed oops, compressed class ptrs, g1 gc, windows-amd64)
GC Precious Log:
 CPUs: 8 total, 8 available
 Memory: 7941M
 Large Page Support: Disabled
 NUMA Support: Disabled
 Compressed Oops: Enabled (Zero based)
 Heap Region Size: 2M
 Heap Min Capacity: 8M
 Heap Initial Capacity: 126M
 Heap Max Capacity: 4G
 Pre-touch: Disabled
 Parallel Workers: 8
 Concurrent Workers: 2
 Concurrent Refinement Workers: 8
 Periodic GC: Disabled
Heap:
 garbage-first heap   total 966656K, used 548226K [0x0000000700000000, 0x0000000800000000)
  region size 2048K, 12 young (24576K), 3 survivors (6144K)
 Metaspace       used 202005K, committed 204224K, reserved 1048576K
  class space    used 25572K, committed 26624K, reserved 851968K
GC Heap History (20 events):
Event: 234.752 GC heap before
{Heap before GC invocations=61 (full 0):
 garbage-first heap   total 966656K, used 585753K [0x0000000700000000, 0x0000000800000000)
  region size 2048K, 82 young (167936K), 7 survivors (14336K)
 Metaspace       used 175008K, committed 176704K, reserved 1048576K
  class space    used 22085K, committed 22848K, reserved 851968K
}
Event: 234.862 GC heap after
{Heap after GC invocations=62 (full 0):
 garbage-first heap   total 966656K, used 440455K [0x0000000700000000, 0x0000000800000000)
  region size 2048K, 5 young (10240K), 5 survivors (10240K)
 Metaspace       used 175008K, committed 176704K, reserved 1048576K
  class space    used 22085K, committed 22848K, reserved 851968K
}
Event: 249.425 GC heap before
{Heap before GC invocations=62 (full 0):
 garbage-first heap   total 966656K, used 663687K [0x0000000700000000, 0x0000000800000000)
  region size 2048K, 114 young (233472K), 5 survivors (10240K)
 Metaspace       used 185333K, committed 187136K, reserved 1048576K
  class space    used 23632K, committed 24512K, reserved 851968K
}
Event: 249.490 GC heap after
{Heap after GC invocations=63 (full 0):
 garbage-first heap   total 966656K, used 448187K [0x0000000700000000, 0x0000000800000000)
  region size 2048K, 8 young (16384K), 8 survivors (16384K)
 Metaspace       used 185333K, committed 187136K, reserved 1048576K
  class space    used 23632K, committed 24512K, reserved 851968K
}
Event: 276.753 GC heap before
{Heap before GC invocations=63 (full 0):
 garbage-first heap   total 966656K, used 685755K [0x0000000700000000, 0x0000000800000000)
  region size 2048K, 124 young (253952K), 8 survivors (16384K)
 Metaspace       used 189058K, committed 191104K, reserved 1048576K
  class space    used 24201K, committed 25152K, reserved 851968K
}
Event: 277.442 GC heap after
{Heap after GC invocations=64 (full 0):
 garbage-first heap   total 966656K, used 475888K [0x0000000700000000, 0x0000000800000000)
  region size 2048K, 16 young (32768K), 16 survivors (32768K)
 Metaspace       used 189058K, committed 191104K, reserved 1048576K
  class space    used 24201K, committed 25152K, reserved 851968K
}
Event: 278.129 GC heap before
{Heap before GC invocations=64 (full 0):
 garbage-first heap   total 966656K, used 490224K [0x0000000700000000, 0x0000000800000000)
  region size 2048K, 23 young (47104K), 16 survivors (32768K)
 Metaspace       used 189163K, committed 191168K, reserved 1048576K
  class space    used 24211K, committed 25152K, reserved 851968K
}
Event: 278.381 GC heap after
{Heap after GC invocations=65 (full 0):
 garbage-first heap   total 966656K, used 483025K [0x0000000700000000, 0x0000000800000000)
  region size 2048K, 3 young (6144K), 3 survivors (6144K)
 Metaspace       used 189163K, committed 191168K, reserved 1048576K
  class space    used 24211K, committed 25152K, reserved 851968K
}
Event: 285.313 GC heap before
{Heap before GC invocations=65 (full 0):
 garbage-first heap   total 966656K, used 560849K [0x0000000700000000, 0x0000000800000000)
  region size 2048K, 39 young (79872K), 3 survivors (6144K)
 Metaspace       used 191429K, committed 193600K, reserved 1048576K
  class space    used 24448K, committed 25472K, reserved 851968K
}
Event: 285.366 GC heap after
{Heap after GC invocations=66 (full 0):
 garbage-first heap   total 966656K, used 492177K [0x0000000700000000, 0x0000000800000000)
  region size 2048K, 5 young (10240K), 5 survivors (10240K)
 Metaspace       used 191429K, committed 193600K, reserved 1048576K
  class space    used 24448K, committed 25472K, reserved 851968K
}
Event: 290.364 GC heap before
{Heap before GC invocations=66 (full 0):
 garbage-first heap   total 966656K, used 584337K [0x0000000700000000, 0x0000000800000000)
  region size 2048K, 51 young (104448K), 5 survivors (10240K)
 Metaspace       used 191431K, committed 193600K, reserved 1048576K
  class space    used 24448K, committed 25472K, reserved 851968K
}
Event: 290.391 GC heap after
{Heap after GC invocations=67 (full 0):
 garbage-first heap   total 966656K, used 496564K [0x0000000700000000, 0x0000000800000000)
  region size 2048K, 3 young (6144K), 3 survivors (6144K)
 Metaspace       used 191431K, committed 193600K, reserved 1048576K
  class space    used 24448K, committed 25472K, reserved 851968K
}
Event: 302.259 GC heap before
{Heap before GC invocations=67 (full 0):
 garbage-first heap   total 966656K, used 703412K [0x0000000700000000, 0x0000000800000000)
  region size 2048K, 104 young (212992K), 3 survivors (6144K)
 Metaspace       used 191675K, committed 193920K, reserved 1048576K
  class space    used 24477K, committed 25536K, reserved 851968K
}
Event: 302.350 GC heap after
{Heap after GC invocations=68 (full 0):
 garbage-first heap   total 966656K, used 513787K [0x0000000700000000, 0x0000000800000000)
  region size 2048K, 10 young (20480K), 10 survivors (20480K)
 Metaspace       used 191675K, committed 193920K, reserved 1048576K
  class space    used 24477K, committed 25536K, reserved 851968K
}
Event: 322.343 GC heap before
{Heap before GC invocations=68 (full 0):
 garbage-first heap   total 966656K, used 657147K [0x0000000700000000, 0x0000000800000000)
  region size 2048K, 81 young (165888K), 10 survivors (20480K)
 Metaspace       used 200375K, committed 202560K, reserved 1048576K
  class space    used 25499K, committed 26496K, reserved 851968K
}
Event: 322.675 GC heap after
{Heap after GC invocations=69 (full 0):
 garbage-first heap   total 966656K, used 526761K [0x0000000700000000, 0x0000000800000000)
  region size 2048K, 8 young (16384K), 8 survivors (16384K)
 Metaspace       used 200375K, committed 202560K, reserved 1048576K
  class space    used 25499K, committed 26496K, reserved 851968K
}
Event: 395.543 GC heap before
{Heap before GC invocations=69 (full 0):
 garbage-first heap   total 966656K, used 637353K [0x0000000700000000, 0x0000000800000000)
  region size 2048K, 62 young (126976K), 8 survivors (16384K)
 Metaspace       used 201229K, committed 203520K, reserved 1048576K
  class space    used 25536K, committed 26624K, reserved 851968K
}
Event: 396.058 GC heap after
{Heap after GC invocations=70 (full 0):
 garbage-first heap   total 966656K, used 529055K [0x0000000700000000, 0x0000000800000000)
  region size 2048K, 2 young (4096K), 2 survivors (4096K)
 Metaspace       used 201229K, committed 203520K, reserved 1048576K
  class space    used 25536K, committed 26624K, reserved 851968K
}
Event: 443.456 GC heap before
{Heap before GC invocations=70 (full 0):
 garbage-first heap   total 966656K, used 635551K [0x0000000700000000, 0x0000000800000000)
  region size 2048K, 54 young (110592K), 2 survivors (4096K)
 Metaspace       used 201792K, committed 204032K, reserved 1048576K
  class space    used 25569K, committed 26624K, reserved 851968K
}
Event: 443.647 GC heap after
{Heap after GC invocations=71 (full 0):
 garbage-first heap   total 966656K, used 531842K [0x0000000700000000, 0x0000000800000000)
  region size 2048K, 3 young (6144K), 3 survivors (6144K)
 Metaspace       used 201792K, committed 204032K, reserved 1048576K
  class space    used 25569K, committed 26624K, reserved 851968K
}

