# JRE version: OpenJDK Runtime Environment Temurin-17.0.19+10 (17.0.19+10) (build 17.0.19+10)
# Java VM: OpenJDK 64-Bit Server VM Temurin-17.0.19+10 (17.0.19+10, mixed mode, sharing, tiered, compressed oops, compressed class ptrs, g1 gc, windows-amd64)
GC Precious Log:
 CPUs: 8 total, 8 available
 Memory: 7941M
 Large Page Support: Disabled
 NUMA Support: Disabled
 Compressed Oops: Enabled (Zero based)
 Heap Region Size: 2M
 Heap Min Capacity: 8M
 Heap Initial Capacity: 126M
 Heap Max Capacity: 4G
 Pre-touch: Disabled
 Parallel Workers: 8
 Concurrent Workers: 2
 Concurrent Refinement Workers: 8
 Periodic GC: Disabled
Heap:
 garbage-first heap   total 995328K, used 555531K [0x0000000700000000, 0x0000000800000000)
  region size 2048K, 29 young (59392K), 3 survivors (6144K)
 Metaspace       used 234613K, committed 237056K, reserved 1114112K
  class space    used 28341K, committed 29504K, reserved 851968K
GC Heap History (20 events):
Event: 607.244 GC heap before
{Heap before GC invocations=117 (full 0):
 garbage-first heap   total 688128K, used 467710K [0x0000000700000000, 0x0000000800000000)
  region size 2048K, 11 young (22528K), 5 survivors (10240K)
 Metaspace       used 231659K, committed 234048K, reserved 1114112K
  class space    used 28203K, committed 29312K, reserved 851968K
}
Event: 607.425 GC heap after
{Heap after GC invocations=118 (full 0):
 garbage-first heap   total 688128K, used 458454K [0x0000000700000000, 0x0000000800000000)
  region size 2048K, 1 young (2048K), 1 survivors (2048K)
 Metaspace       used 231659K, committed 234048K, reserved 1114112K
  class space    used 28203K, committed 29312K, reserved 851968K
}
Event: 618.149 GC heap before
{Heap before GC invocations=119 (full 0):
 garbage-first heap   total 847872K, used 583382K [0x0000000700000000, 0x0000000800000000)
  region size 2048K, 62 young (126976K), 1 survivors (2048K)
 Metaspace       used 233432K, committed 235904K, reserved 1114112K
  class space    used 28306K, committed 29440K, reserved 851968K
}
Event: 618.239 GC heap after
{Heap after GC invocations=120 (full 0):
 garbage-first heap   total 847872K, used 469352K [0x0000000700000000, 0x0000000800000000)
  region size 2048K, 7 young (14336K), 7 survivors (14336K)
 Metaspace       used 233432K, committed 235904K, reserved 1114112K
  class space    used 28306K, committed 29440K, reserved 851968K
}
Event: 619.311 GC heap before
{Heap before GC invocations=120 (full 0):
 garbage-first heap   total 847872K, used 495976K [0x0000000700000000, 0x0000000800000000)
  region size 2048K, 20 young (40960K), 7 survivors (14336K)
 Metaspace       used 233517K, committed 235968K, reserved 1114112K
  class space    used 28306K, committed 29440K, reserved 851968K
}
Event: 619.505 GC heap after
{Heap after GC invocations=121 (full 0):
 garbage-first heap   total 847872K, used 465710K [0x0000000700000000, 0x0000000800000000)
  region size 2048K, 2 young (4096K), 2 survivors (4096K)
 Metaspace       used 233517K, committed 235968K, reserved 1114112K
  class space    used 28306K, committed 29440K, reserved 851968K
}
Event: 620.669 GC heap before
{Heap before GC invocations=121 (full 0):
 garbage-first heap   total 847872K, used 502574K [0x0000000700000000, 0x0000000800000000)
  region size 2048K, 20 young (40960K), 2 survivors (4096K)
 Metaspace       used 233587K, committed 236032K, reserved 1114112K
  class space    used 28306K, committed 29440K, reserved 851968K
}
Event: 620.732 GC heap after
{Heap after GC invocations=122 (full 0):
 garbage-first heap   total 847872K, used 466120K [0x0000000700000000, 0x0000000800000000)
  region size 2048K, 3 young (6144K), 3 survivors (6144K)
 Metaspace       used 233587K, committed 236032K, reserved 1114112K
  class space    used 28306K, committed 29440K, reserved 851968K
}
Event: 629.971 GC heap before
{Heap before GC invocations=122 (full 0):
 garbage-first heap   total 847872K, used 648392K [0x0000000700000000, 0x0000000800000000)
  region size 2048K, 92 young (188416K), 3 survivors (6144K)
 Metaspace       used 234024K, committed 236480K, reserved 1114112K
  class space    used 28319K, committed 29440K, reserved 851968K
}
Event: 630.158 GC heap after
{Heap after GC invocations=123 (full 0):
 garbage-first heap   total 847872K, used 481818K [0x0000000700000000, 0x0000000800000000)
  region size 2048K, 10 young (20480K), 10 survivors (20480K)
 Metaspace       used 234024K, committed 236480K, reserved 1114112K
  class space    used 28319K, committed 29440K, reserved 851968K
}
Event: 633.405 GC heap before
{Heap before GC invocations=123 (full 0):
 garbage-first heap   total 847872K, used 516634K [0x0000000700000000, 0x0000000800000000)
  region size 2048K, 27 young (55296K), 10 survivors (20480K)
 Metaspace       used 234071K, committed 236480K, reserved 1114112K
  class space    used 28320K, committed 29440K, reserved 851968K
}
Event: 633.574 GC heap after
{Heap after GC invocations=124 (full 0):
 garbage-first heap   total 847872K, used 486671K [0x0000000700000000, 0x0000000800000000)
  region size 2048K, 4 young (8192K), 4 survivors (8192K)
 Metaspace       used 234071K, committed 236480K, reserved 1114112K
  class space    used 28320K, committed 29440K, reserved 851968K
}
Event: 645.179 GC heap before
{Heap before GC invocations=125 (full 0):
 garbage-first heap   total 860160K, used 621839K [0x0000000700000000, 0x0000000800000000)
  region size 2048K, 70 young (143360K), 4 survivors (8192K)
 Metaspace       used 234225K, committed 236672K, reserved 1114112K
  class space    used 28323K, committed 29440K, reserved 851968K
}
Event: 645.366 GC heap after
{Heap after GC invocations=126 (full 0):
 garbage-first heap   total 860160K, used 497872K [0x0000000700000000, 0x0000000800000000)
  region size 2048K, 9 young (18432K), 9 survivors (18432K)
 Metaspace       used 234225K, committed 236672K, reserved 1114112K
  class space    used 28323K, committed 29440K, reserved 851968K
}
Event: 646.507 GC heap before
{Heap before GC invocations=126 (full 0):
 garbage-first heap   total 860160K, used 522448K [0x0000000700000000, 0x0000000800000000)
  region size 2048K, 21 young (43008K), 9 survivors (18432K)
 Metaspace       used 234242K, committed 236672K, reserved 1114112K
  class space    used 28325K, committed 29440K, reserved 851968K
}
Event: 646.876 GC heap after
{Heap after GC invocations=127 (full 0):
 garbage-first heap   total 995328K, used 498032K [0x0000000700000000, 0x0000000800000000)
  region size 2048K, 3 young (6144K), 3 survivors (6144K)
 Metaspace       used 234242K, committed 236672K, reserved 1114112K
  class space    used 28325K, committed 29440K, reserved 851968K
}
Event: 650.423 GC heap before
{Heap before GC invocations=127 (full 0):
 garbage-first heap   total 995328K, used 541040K [0x0000000700000000, 0x0000000800000000)
  region size 2048K, 24 young (49152K), 3 survivors (6144K)
 Metaspace       used 234331K, committed 236736K, reserved 1114112K
  class space    used 28325K, committed 29440K, reserved 851968K
}
Event: 650.698 GC heap after
{Heap after GC invocations=128 (full 0):
 garbage-first heap   total 995328K, used 500086K [0x0000000700000000, 0x0000000800000000)
  region size 2048K, 3 young (6144K), 3 survivors (6144K)
 Metaspace       used 234331K, committed 236736K, reserved 1114112K
  class space    used 28325K, committed 29440K, reserved 851968K
}
Event: 655.714 GC heap before
{Heap before GC invocations=128 (full 0):
 garbage-first heap   total 995328K, used 543094K [0x0000000700000000, 0x0000000800000000)
  region size 2048K, 24 young (49152K), 3 survivors (6144K)
 Metaspace       used 234358K, committed 236800K, reserved 1114112K
  class space    used 28325K, committed 29440K, reserved 851968K
}
Event: 655.769 GC heap after
{Heap after GC invocations=129 (full 0):
 garbage-first heap   total 995328K, used 504331K [0x0000000700000000, 0x0000000800000000)
  region size 2048K, 3 young (6144K), 3 survivors (6144K)
 Metaspace       used 234358K, committed 236800K, reserved 1114112K
  class space    used 28325K, committed 29440K, reserved 851968K
}

